<?xml version="1.0" encoding="UTF-8"?>
<!-- Generated by org.testng.reporters.JUnitReportReporter -->
<testsuite hostname="htsr-spare-7480-WVF2" failures="0" tests="1" name="tests.SearchFlightTest" time="11.370" errors="0" timestamp="2024-02-20T11:15:23 MST" skipped="0">
  <testcase classname="tests.SearchFlightTest" name="searchForFlight" time="11.370"/>
  <system-out/>
</testsuite> <!-- tests.SearchFlightTest -->
